  Actor.cpp
  Block.cpp
  FloatAPI.cpp
F:\Visual Studio\C++\FloatStudio\FloatEngine\FloatEngine\FloatAPI.cpp(383,29): warning C4244: “参数”: 从“float”转换到“int”，可能丢失数据
F:\Visual Studio\C++\FloatStudio\FloatEngine\FloatEngine\FloatAPI.cpp(383,19): warning C4244: “参数”: 从“float”转换到“int”，可能丢失数据
F:\Visual Studio\C++\FloatStudio\FloatEngine\FloatEngine\FloatAPI.cpp(388,32): warning C4244: “参数”: 从“float”转换到“int”，可能丢失数据
F:\Visual Studio\C++\FloatStudio\FloatEngine\FloatEngine\FloatAPI.cpp(388,21): warning C4244: “参数”: 从“float”转换到“int”，可能丢失数据
F:\Visual Studio\C++\FloatStudio\FloatEngine\FloatEngine\FloatAPI.cpp(428,51): warning C4244: “参数”: 从“float”转换到“int”，可能丢失数据
F:\Visual Studio\C++\FloatStudio\FloatEngine\FloatEngine\FloatAPI.cpp(428,40): warning C4244: “参数”: 从“float”转换到“int”，可能丢失数据
F:\Visual Studio\C++\FloatStudio\FloatEngine\FloatEngine\FloatAPI.cpp(428,29): warning C4244: “参数”: 从“float”转换到“int”，可能丢失数据
F:\Visual Studio\C++\FloatStudio\FloatEngine\FloatEngine\FloatAPI.cpp(428,18): warning C4244: “参数”: 从“float”转换到“int”，可能丢失数据
F:\Visual Studio\C++\FloatStudio\FloatEngine\FloatEngine\FloatAPI.cpp(433,23): warning C4244: “参数”: 从“float”转换到“int”，可能丢失数据
F:\Visual Studio\C++\FloatStudio\FloatEngine\FloatEngine\FloatAPI.cpp(433,19): warning C4244: “参数”: 从“float”转换到“int”，可能丢失数据
F:\Visual Studio\C++\FloatStudio\FloatEngine\FloatEngine\FloatAPI.cpp(433,15): warning C4244: “参数”: 从“float”转换到“int”，可能丢失数据
F:\Visual Studio\C++\FloatStudio\FloatEngine\FloatEngine\FloatAPI.cpp(433,11): warning C4244: “参数”: 从“float”转换到“int”，可能丢失数据
F:\Visual Studio\C++\FloatStudio\FloatEngine\FloatEngine\FloatAPI.cpp(439,26): warning C4244: “参数”: 从“float”转换到“int”，可能丢失数据
F:\Visual Studio\C++\FloatStudio\FloatEngine\FloatEngine\FloatAPI.cpp(439,23): warning C4244: “参数”: 从“float”转换到“int”，可能丢失数据
F:\Visual Studio\C++\FloatStudio\FloatEngine\FloatEngine\FloatAPI.cpp(439,20): warning C4244: “参数”: 从“float”转换到“int”，可能丢失数据
F:\Visual Studio\C++\FloatStudio\FloatEngine\FloatEngine\FloatAPI.cpp(439,17): warning C4244: “参数”: 从“float”转换到“int”，可能丢失数据
F:\Visual Studio\C++\FloatStudio\FloatEngine\FloatEngine\FloatAPI.cpp(487,17): warning C4244: “参数”: 从“float”转换到“int”，可能丢失数据
F:\Visual Studio\C++\FloatStudio\FloatEngine\FloatEngine\FloatAPI.cpp(487,14): warning C4244: “参数”: 从“float”转换到“int”，可能丢失数据
F:\Visual Studio\C++\FloatStudio\FloatEngine\FloatEngine\FloatAPI.cpp(489,22): warning C4244: “参数”: 从“float”转换到“int”，可能丢失数据
F:\Visual Studio\C++\FloatStudio\FloatEngine\FloatEngine\FloatAPI.cpp(489,19): warning C4244: “参数”: 从“float”转换到“int”，可能丢失数据
F:\Visual Studio\C++\FloatStudio\FloatEngine\FloatEngine\FloatAPI.cpp(496,69): warning C4244: “参数”: 从“float”转换到“int”，可能丢失数据
F:\Visual Studio\C++\FloatStudio\FloatEngine\FloatEngine\FloatAPI.cpp(498,74): warning C4244: “参数”: 从“float”转换到“int”，可能丢失数据
F:\Visual Studio\C++\FloatStudio\FloatEngine\FloatEngine\FloatAPI.cpp(505,18): warning C4244: “参数”: 从“float”转换到“int”，可能丢失数据
F:\Visual Studio\C++\FloatStudio\FloatEngine\FloatEngine\FloatAPI.cpp(505,15): warning C4244: “参数”: 从“float”转换到“int”，可能丢失数据
F:\Visual Studio\C++\FloatStudio\FloatEngine\FloatEngine\FloatAPI.cpp(507,23): warning C4244: “参数”: 从“float”转换到“int”，可能丢失数据
F:\Visual Studio\C++\FloatStudio\FloatEngine\FloatEngine\FloatAPI.cpp(507,20): warning C4244: “参数”: 从“float”转换到“int”，可能丢失数据
F:\Visual Studio\C++\FloatStudio\FloatEngine\FloatEngine\FloatAPI.cpp(658,45): warning C4244: “参数”: 从“float”转换到“int”，可能丢失数据
F:\Visual Studio\C++\FloatStudio\FloatEngine\FloatEngine\FloatAPI.cpp(658,42): warning C4244: “参数”: 从“float”转换到“int”，可能丢失数据
F:\Visual Studio\C++\FloatStudio\FloatEngine\FloatEngine\FloatAPI.cpp(792,17): warning C4018: “>=”: 有符号/无符号不匹配
  FMath.cpp
F:\Visual Studio\C++\FloatStudio\FloatEngine\FloatEngine\FMath.cpp(726,15): warning C4267: “初始化”: 从“size_t”转换到“int”，可能丢失数据
F:\Visual Studio\C++\FloatStudio\FloatEngine\FloatEngine\FMath.cpp(737,15): warning C4267: “初始化”: 从“size_t”转换到“int”，可能丢失数据
F:\Visual Studio\C++\FloatStudio\FloatEngine\FloatEngine\FMath.cpp(747,15): warning C4267: “初始化”: 从“size_t”转换到“int”，可能丢失数据
F:\Visual Studio\C++\FloatStudio\FloatEngine\FloatEngine\FMath.cpp(774,15): warning C4267: “初始化”: 从“size_t”转换到“int”，可能丢失数据
  F_Anim.cpp
F:\Visual Studio\C++\FloatStudio\FloatEngine\FloatEngine\F_Anim.cpp(9,10): warning C4244: “初始化”: 从“int”转换到“float”，可能丢失数据
F:\Visual Studio\C++\FloatStudio\FloatEngine\FloatEngine\F_Anim.cpp(35,9): warning C4244: “/=”: 从“float”转换到“int”，可能丢失数据
F:\Visual Studio\C++\FloatStudio\FloatEngine\FloatEngine\F_Anim.cpp(39,9): warning C4244: “/=”: 从“float”转换到“int”，可能丢失数据
F:\Visual Studio\C++\FloatStudio\FloatEngine\FloatEngine\F_Anim.cpp(43,11): warning C4244: “/=”: 从“float”转换到“int”，可能丢失数据
F:\Visual Studio\C++\FloatStudio\FloatEngine\FloatEngine\F_Anim.cpp(57,9): warning C4244: “/=”: 从“float”转换到“int”，可能丢失数据
F:\Visual Studio\C++\FloatStudio\FloatEngine\FloatEngine\F_Anim.cpp(61,14): warning C4244: “=”: 从“float”转换到“int”，可能丢失数据
F:\Visual Studio\C++\FloatStudio\FloatEngine\FloatEngine\F_Anim.cpp(65,11): warning C4244: “/=”: 从“float”转换到“int”，可能丢失数据
F:\Visual Studio\C++\FloatStudio\FloatEngine\FloatEngine\F_Anim.cpp(80,9): warning C4244: “/=”: 从“float”转换到“int”，可能丢失数据
F:\Visual Studio\C++\FloatStudio\FloatEngine\FloatEngine\F_Anim.cpp(84,14): warning C4244: “=”: 从“float”转换到“int”，可能丢失数据
F:\Visual Studio\C++\FloatStudio\FloatEngine\FloatEngine\F_Anim.cpp(88,11): warning C4244: “/=”: 从“float”转换到“int”，可能丢失数据
F:\Visual Studio\C++\FloatStudio\FloatEngine\FloatEngine\F_Anim.cpp(103,9): warning C4244: “/=”: 从“float”转换到“int”，可能丢失数据
F:\Visual Studio\C++\FloatStudio\FloatEngine\FloatEngine\F_Anim.cpp(107,14): warning C4244: “=”: 从“float”转换到“int”，可能丢失数据
F:\Visual Studio\C++\FloatStudio\FloatEngine\FloatEngine\F_Anim.cpp(111,11): warning C4244: “/=”: 从“float”转换到“int”，可能丢失数据
F:\Visual Studio\C++\FloatStudio\FloatEngine\FloatEngine\F_Anim.cpp(130,38): warning C4244: “=”: 从“double”转换到“float”，可能丢失数据
F:\Visual Studio\C++\FloatStudio\FloatEngine\FloatEngine\F_Anim.cpp(138,40): warning C4244: “=”: 从“double”转换到“float”，可能丢失数据
F:\Visual Studio\C++\FloatStudio\FloatEngine\FloatEngine\F_Anim.cpp(148,11): warning C4244: “/=”: 从“float”转换到“int”，可能丢失数据
F:\Visual Studio\C++\FloatStudio\FloatEngine\FloatEngine\F_Anim.cpp(150,38): warning C4244: “=”: 从“double”转换到“float”，可能丢失数据
F:\Visual Studio\C++\FloatStudio\FloatEngine\FloatEngine\F_Anim.cpp(153,42): warning C4244: “=”: 从“double”转换到“float”，可能丢失数据
F:\Visual Studio\C++\FloatStudio\FloatEngine\FloatEngine\F_Anim.cpp(162,9): warning C4244: “/=”: 从“float”转换到“int”，可能丢失数据
F:\Visual Studio\C++\FloatStudio\FloatEngine\FloatEngine\F_Anim.cpp(163,35): warning C4244: “=”: 从“double”转换到“float”，可能丢失数据
F:\Visual Studio\C++\FloatStudio\FloatEngine\FloatEngine\F_Anim.cpp(166,14): warning C4244: “=”: 从“float”转换到“int”，可能丢失数据
F:\Visual Studio\C++\FloatStudio\FloatEngine\FloatEngine\F_Anim.cpp(167,28): warning C4244: “=”: 从“double”转换到“float”，可能丢失数据
F:\Visual Studio\C++\FloatStudio\FloatEngine\FloatEngine\F_Anim.cpp(170,11): warning C4244: “/=”: 从“float”转换到“int”，可能丢失数据
F:\Visual Studio\C++\FloatStudio\FloatEngine\FloatEngine\F_Anim.cpp(172,40): warning C4244: “=”: 从“double”转换到“float”，可能丢失数据
F:\Visual Studio\C++\FloatStudio\FloatEngine\FloatEngine\F_Anim.cpp(176,39): warning C4244: “=”: 从“double”转换到“float”，可能丢失数据
F:\Visual Studio\C++\FloatStudio\FloatEngine\FloatEngine\F_Anim.cpp(186,8): warning C4305: “=”: 从“double”到“float”截断
F:\Visual Studio\C++\FloatStudio\FloatEngine\FloatEngine\F_Anim.cpp(190,9): warning C4244: “/=”: 从“float”转换到“int”，可能丢失数据
F:\Visual Studio\C++\FloatStudio\FloatEngine\FloatEngine\F_Anim.cpp(194,14): warning C4244: “=”: 从“float”转换到“int”，可能丢失数据
F:\Visual Studio\C++\FloatStudio\FloatEngine\FloatEngine\F_Anim.cpp(198,11): warning C4244: “/=”: 从“float”转换到“int”，可能丢失数据
F:\Visual Studio\C++\FloatStudio\FloatEngine\FloatEngine\F_Anim.cpp(199,9): warning C4305: “*=”: 从“double”到“float”截断
F:\Visual Studio\C++\FloatStudio\FloatEngine\FloatEngine\F_Anim.cpp(220,9): warning C4244: “/=”: 从“float”转换到“int”，可能丢失数据
F:\Visual Studio\C++\FloatStudio\FloatEngine\FloatEngine\F_Anim.cpp(226,11): warning C4244: “=”: 从“double”转换到“float”，可能丢失数据
F:\Visual Studio\C++\FloatStudio\FloatEngine\FloatEngine\F_Anim.cpp(236,64): warning C4244: “=”: 从“double”转换到“float”，可能丢失数据
F:\Visual Studio\C++\FloatStudio\FloatEngine\FloatEngine\F_Anim.cpp(243,9): warning C4244: “/=”: 从“float”转换到“int”，可能丢失数据
F:\Visual Studio\C++\FloatStudio\FloatEngine\FloatEngine\F_Anim.cpp(249,11): warning C4244: “=”: 从“double”转换到“float”，可能丢失数据
F:\Visual Studio\C++\FloatStudio\FloatEngine\FloatEngine\F_Anim.cpp(259,66): warning C4244: “=”: 从“double”转换到“float”，可能丢失数据
F:\Visual Studio\C++\FloatStudio\FloatEngine\FloatEngine\F_Anim.cpp(266,11): warning C4244: “/=”: 从“float”转换到“int”，可能丢失数据
F:\Visual Studio\C++\FloatStudio\FloatEngine\FloatEngine\F_Anim.cpp(272,11): warning C4244: “=”: 从“double”转换到“float”，可能丢失数据
F:\Visual Studio\C++\FloatStudio\FloatEngine\FloatEngine\F_Anim.cpp(284,71): warning C4244: “=”: 从“double”转换到“float”，可能丢失数据
F:\Visual Studio\C++\FloatStudio\FloatEngine\FloatEngine\F_Anim.cpp(287,73): warning C4244: “=”: 从“double”转换到“float”，可能丢失数据
F:\Visual Studio\C++\FloatStudio\FloatEngine\FloatEngine\F_Anim.cpp(296,10): warning C4244: “=”: 从“float”转换到“int”，可能丢失数据
F:\Visual Studio\C++\FloatStudio\FloatEngine\FloatEngine\F_Anim.cpp(297,9): warning C4244: “/=”: 从“float”转换到“int”，可能丢失数据
F:\Visual Studio\C++\FloatStudio\FloatEngine\FloatEngine\F_Anim.cpp(299,11): warning C4244: “=”: 从“double”转换到“float”，可能丢失数据
F:\Visual Studio\C++\FloatStudio\FloatEngine\FloatEngine\F_Anim.cpp(302,14): warning C4244: “-=”: 从“double”转换到“int”，可能丢失数据
F:\Visual Studio\C++\FloatStudio\FloatEngine\FloatEngine\F_Anim.cpp(303,11): warning C4244: “=”: 从“double”转换到“float”，可能丢失数据
F:\Visual Studio\C++\FloatStudio\FloatEngine\FloatEngine\F_Anim.cpp(306,15): warning C4244: “-=”: 从“double”转换到“int”，可能丢失数据
F:\Visual Studio\C++\FloatStudio\FloatEngine\FloatEngine\F_Anim.cpp(307,11): warning C4244: “=”: 从“double”转换到“float”，可能丢失数据
F:\Visual Studio\C++\FloatStudio\FloatEngine\FloatEngine\F_Anim.cpp(310,16): warning C4244: “-=”: 从“double”转换到“int”，可能丢失数据
F:\Visual Studio\C++\FloatStudio\FloatEngine\FloatEngine\F_Anim.cpp(311,11): warning C4244: “=”: 从“double”转换到“float”，可能丢失数据
F:\Visual Studio\C++\FloatStudio\FloatEngine\FloatEngine\F_Anim.cpp(316,9): warning C4244: “/=”: 从“float”转换到“int”，可能丢失数据
F:\Visual Studio\C++\FloatStudio\FloatEngine\FloatEngine\F_Anim.cpp(318,30): warning C4244: “=”: 从“double”转换到“float”，可能丢失数据
F:\Visual Studio\C++\FloatStudio\FloatEngine\FloatEngine\F_Anim.cpp(321,14): warning C4244: “-=”: 从“double”转换到“int”，可能丢失数据
F:\Visual Studio\C++\FloatStudio\FloatEngine\FloatEngine\F_Anim.cpp(322,37): warning C4244: “=”: 从“double”转换到“float”，可能丢失数据
F:\Visual Studio\C++\FloatStudio\FloatEngine\FloatEngine\F_Anim.cpp(325,15): warning C4244: “-=”: 从“double”转换到“int”，可能丢失数据
F:\Visual Studio\C++\FloatStudio\FloatEngine\FloatEngine\F_Anim.cpp(326,39): warning C4244: “=”: 从“double”转换到“float”，可能丢失数据
F:\Visual Studio\C++\FloatStudio\FloatEngine\FloatEngine\F_Anim.cpp(329,16): warning C4244: “-=”: 从“double”转换到“int”，可能丢失数据
F:\Visual Studio\C++\FloatStudio\FloatEngine\FloatEngine\F_Anim.cpp(330,41): warning C4244: “=”: 从“double”转换到“float”，可能丢失数据
F:\Visual Studio\C++\FloatStudio\FloatEngine\FloatEngine\F_Anim.cpp(341,10): warning C4244: “-=”: 从“float”转换到“int”，可能丢失数据
F:\Visual Studio\C++\FloatStudio\FloatEngine\FloatEngine\F_Anim.cpp(345,9): warning C4244: “/=”: 从“float”转换到“int”，可能丢失数据
F:\Visual Studio\C++\FloatStudio\FloatEngine\FloatEngine\F_Anim.cpp(347,11): warning C4244: “=”: 从“double”转换到“float”，可能丢失数据
F:\Visual Studio\C++\FloatStudio\FloatEngine\FloatEngine\F_Anim.cpp(350,14): warning C4244: “-=”: 从“double”转换到“int”，可能丢失数据
F:\Visual Studio\C++\FloatStudio\FloatEngine\FloatEngine\F_Anim.cpp(351,11): warning C4244: “=”: 从“double”转换到“float”，可能丢失数据
F:\Visual Studio\C++\FloatStudio\FloatEngine\FloatEngine\F_Anim.cpp(354,15): warning C4244: “-=”: 从“double”转换到“int”，可能丢失数据
F:\Visual Studio\C++\FloatStudio\FloatEngine\FloatEngine\F_Anim.cpp(355,11): warning C4244: “=”: 从“double”转换到“float”，可能丢失数据
F:\Visual Studio\C++\FloatStudio\FloatEngine\FloatEngine\F_Anim.cpp(358,16): warning C4244: “-=”: 从“double”转换到“int”，可能丢失数据
F:\Visual Studio\C++\FloatStudio\FloatEngine\FloatEngine\F_Anim.cpp(359,11): warning C4244: “=”: 从“double”转换到“float”，可能丢失数据
F:\Visual Studio\C++\FloatStudio\FloatEngine\FloatEngine\F_Anim.cpp(363,17): warning C4244: “=”: 从“double”转换到“float”，可能丢失数据
F:\Visual Studio\C++\FloatStudio\FloatEngine\FloatEngine\F_Anim.cpp(366,27): warning C4244: “=”: 从“double”转换到“float”，可能丢失数据
  F_Audio.cpp
F:\Visual Studio\C++\FloatStudio\FloatEngine\FloatEngine\F_Audio.cpp(100,14): warning C4244: “=”: 从“double”转换到“float”，可能丢失数据
F:\Visual Studio\C++\FloatStudio\FloatEngine\FloatEngine\F_Audio.cpp(103,14): warning C4244: “=”: 从“double”转换到“float”，可能丢失数据
F:\Visual Studio\C++\FloatStudio\FloatEngine\FloatEngine\F_Audio.cpp(155,34): warning C4244: “=”: 从“double”转换到“float”，可能丢失数据
F:\Visual Studio\C++\FloatStudio\FloatEngine\FloatEngine\F_Audio.cpp(157,15): warning C4244: “=”: 从“double”转换到“float”，可能丢失数据
F:\Visual Studio\C++\FloatStudio\FloatEngine\FloatEngine\F_Audio.cpp(182,35): warning C4244: “=”: 从“double”转换到“float”，可能丢失数据
F:\Visual Studio\C++\FloatStudio\FloatEngine\FloatEngine\F_Audio.cpp(184,15): warning C4244: “=”: 从“double”转换到“float”，可能丢失数据
F:\Visual Studio\C++\FloatStudio\FloatEngine\FloatEngine\F_Audio.cpp(216,25): warning C4244: “=”: 从“double”转换到“float”，可能丢失数据
  F_Console.cpp
  F_Font.cpp
F:\Visual Studio\C++\FloatStudio\FloatEngine\FloatEngine\F_Font.cpp(152,32): warning C4267: “=”: 从“size_t”转换到“int”，可能丢失数据
F:\Visual Studio\C++\FloatStudio\FloatEngine\FloatEngine\F_Font.cpp(168,32): warning C4267: “=”: 从“size_t”转换到“int”，可能丢失数据
F:\Visual Studio\C++\FloatStudio\FloatEngine\FloatEngine\F_Font.cpp(187,32): warning C4267: “=”: 从“size_t”转换到“int”，可能丢失数据
F:\Visual Studio\C++\FloatStudio\FloatEngine\FloatEngine\F_Font.cpp(211,32): warning C4267: “=”: 从“size_t”转换到“int”，可能丢失数据
F:\Visual Studio\C++\FloatStudio\FloatEngine\FloatEngine\F_Font.cpp(231,32): warning C4267: “=”: 从“size_t”转换到“int”，可能丢失数据
F:\Visual Studio\C++\FloatStudio\FloatEngine\FloatEngine\F_Font.cpp(254,32): warning C4267: “=”: 从“size_t”转换到“int”，可能丢失数据
F:\Visual Studio\C++\FloatStudio\FloatEngine\FloatEngine\F_Font.cpp(278,32): warning C4267: “=”: 从“size_t”转换到“int”，可能丢失数据
F:\Visual Studio\C++\FloatStudio\FloatEngine\FloatEngine\F_Font.cpp(297,32): warning C4267: “=”: 从“size_t”转换到“int”，可能丢失数据
F:\Visual Studio\C++\FloatStudio\FloatEngine\FloatEngine\F_Font.cpp(322,32): warning C4267: “=”: 从“size_t”转换到“int”，可能丢失数据
F:\Visual Studio\C++\FloatStudio\FloatEngine\FloatEngine\F_Font.cpp(353,32): warning C4267: “=”: 从“size_t”转换到“int”，可能丢失数据
F:\Visual Studio\C++\FloatStudio\FloatEngine\FloatEngine\F_Font.cpp(380,34): warning C4267: “=”: 从“size_t”转换到“int”，可能丢失数据
  F_Resource.cpp
F:\Visual Studio\C++\FloatStudio\FloatEngine\FloatEngine\F_Resource.cpp(242,97): warning C4267: “参数”: 从“size_t”转换到“int”，可能丢失数据
F:\Visual Studio\C++\FloatStudio\FloatEngine\FloatEngine\F_Resource.cpp(256,94): warning C4267: “参数”: 从“size_t”转换到“int”，可能丢失数据
F:\Visual Studio\C++\FloatStudio\FloatEngine\FloatEngine\F_Resource.cpp(267,103): warning C4267: “参数”: 从“size_t”转换到“int”，可能丢失数据
F:\Visual Studio\C++\FloatStudio\FloatEngine\FloatEngine\F_Resource.cpp(277,94): warning C4267: “参数”: 从“size_t”转换到“int”，可能丢失数据
  F_Shader.cpp
  F_Text.cpp
  Game.cpp
F:\Visual Studio\C++\FloatStudio\FloatEngine\FloatEngine\Game.cpp(36,22): warning C4018: “<”: 有符号/无符号不匹配
F:\Visual Studio\C++\FloatStudio\FloatEngine\FloatEngine\Game.cpp(40,22): warning C4018: “<”: 有符号/无符号不匹配
F:\Visual Studio\C++\FloatStudio\FloatEngine\FloatEngine\Game.cpp(191,55): warning C4267: “参数”: 从“size_t”转换到“unsigned int”，可能丢失数据
F:\Visual Studio\C++\FloatStudio\FloatEngine\FloatEngine\Game.cpp(222,56): warning C4267: “参数”: 从“size_t”转换到“unsigned int”，可能丢失数据
F:\Visual Studio\C++\FloatStudio\FloatEngine\FloatEngine\Game.cpp(243,28): warning C4244: “=”: 从“float”转换到“int”，可能丢失数据
F:\Visual Studio\C++\FloatStudio\FloatEngine\FloatEngine\Game.cpp(246,28): warning C4244: “=”: 从“float”转换到“int”，可能丢失数据
  Object.cpp
  Room.cpp
  正在生成代码...
F:\Visual Studio\C++\FloatStudio\FloatEngine\FloatEngine\FMath.cpp(163,1): warning C4715: “F_Shape::Get_Point_Index”: 不是所有的控件路径都返回值
F:\Visual Studio\C++\FloatStudio\FloatEngine\FloatEngine\FloatAPI.cpp(798,1): warning C4715: “F_File::Get_Drop_File”: 不是所有的控件路径都返回值
  FloatEngine.vcxproj -> F:\Visual Studio\C++\FloatStudio\FloatEngine\x64\Debug\FloatEngine.lib
